This is pdfTeX, Version 3.141592653-2.6-1.40.25 (MiKTeX 23.10) (preloaded format=latex 2023.12.5)  22 JAN 2024 10:49
entering extended mode
 restricted \write18 enabled.
 %&-line parsing enabled.
**\makeatletter\def\HCode{\futurelet\HCode\HChar}\def\HChar{\ifx"\HCode\def\HCo
de"##1"{\Link##1}\expandafter\HCode\else\expandafter\Link\fi}\def\Link#1.a.b.c.
{\AddToHook{class/before}{\RequirePackage[#1,html]{tex4ht}}\let\HCode\documents
tyle\def\documentstyle{\let\documentstyle\HCode\expandafter\def\csname tex4ht\e
ndcsname{#1,html}\def\HCode####1{\documentstyle[tex4ht,}\@ifnextchar[{\HCode}{\
documentstyle[tex4ht]}}}\makeatother\HCode xhtml,mathjax, mathml,charset=utf-8,
html5.a.b.c.\input "\detokenize{phantom.tex}"
(phantom.tex (/usr/local/share/miktex-texmf/tex/generic/tex4ht/tex4ht.sty
version 2023-10-04-13:17
Package: tex4ht 
--------------------------------------
--- Note --- for _ at preamble, use the command line option `early_'
--------------------------------------
--------------------------------------
--- Note --- for ^ at preamble, use the command line option `early^'
--------------------------------------
\tmp:toks=\toks17
) (/usr/local/share/miktex-texmf/tex/latex/base/article.cls
Document Class: article 2023/05/17 v1.4n Standard LaTeX document class
(/usr/local/share/miktex-texmf/tex/latex/base/size10.clo
File: size10.clo 2023/05/17 v1.4n Standard LaTeX file (size option)
)
\c@part=\count186
\c@section=\count187
\c@subsection=\count188
\c@subsubsection=\count189
\c@paragraph=\count190
\c@subparagraph=\count191
\c@figure=\count192
\c@table=\count193
\abovecaptionskip=\skip48
\belowcaptionskip=\skip49
\bibindent=\dimen140
) (/usr/local/share/miktex-texmf/tex/generic/tex4ht/usepackage.4ht
version 2023-07-25-12:42
) (/usr/local/share/miktex-texmf/tex/latex/amsmath/amsmath.sty
Package: amsmath 2023/05/13 v2.17o AMS math features
\@mathmargin=\skip50
For additional information on amsmath, use the `?' option.
(/usr/local/share/miktex-texmf/tex/latex/amsmath/amstext.sty
Package: amstext 2021/08/26 v2.01 AMS text
(/usr/local/share/miktex-texmf/tex/latex/amsmath/amsgen.sty
File: amsgen.sty 1999/11/30 v2.0 generic functions
\@emptytoks=\toks18
\ex@=\dimen141
)) (/usr/local/share/miktex-texmf/tex/latex/amsmath/amsbsy.sty
Package: amsbsy 1999/11/29 v1.2d Bold Symbols
\pmbraise@=\dimen142
) (/usr/local/share/miktex-texmf/tex/latex/amsmath/amsopn.sty
Package: amsopn 2022/04/08 v2.04 operator names
)
\inf@bad=\count194
LaTeX Info: Redefining \frac on input line 234.
\uproot@=\count195
\leftroot@=\count196
LaTeX Info: Redefining \overline on input line 399.
LaTeX Info: Redefining \colon on input line 410.
\classnum@=\count197
\DOTSCASE@=\count198
LaTeX Info: Redefining \ldots on input line 496.
LaTeX Info: Redefining \dots on input line 499.
LaTeX Info: Redefining \cdots on input line 620.
\Mathstrutbox@=\box51
\strutbox@=\box52
LaTeX Info: Redefining \big on input line 722.
LaTeX Info: Redefining \Big on input line 723.
LaTeX Info: Redefining \bigg on input line 724.
LaTeX Info: Redefining \Bigg on input line 725.
\big@size=\dimen143
LaTeX Font Info:    Redeclaring font encoding OML on input line 743.
LaTeX Font Info:    Redeclaring font encoding OMS on input line 744.
\macc@depth=\count199
LaTeX Info: Redefining \bmod on input line 905.
LaTeX Info: Redefining \pmod on input line 910.
LaTeX Info: Redefining \smash on input line 940.
LaTeX Info: Redefining \relbar on input line 970.
LaTeX Info: Redefining \Relbar on input line 971.
\c@MaxMatrixCols=\count266
\dotsspace@=\muskip16
\c@parentequation=\count267
\dspbrk@lvl=\count268
\tag@help=\toks19
\row@=\count269
\column@=\count270
\maxfields@=\count271
\andhelp@=\toks20
\eqnshift@=\dimen144
\alignsep@=\dimen145
\tagshift@=\dimen146
\tagwidth@=\dimen147
\totwidth@=\dimen148
\lineht@=\dimen149
\@envbody=\toks21
\multlinegap=\skip51
\multlinetaggap=\skip52
\mathdisplay@stack=\toks22
LaTeX Info: Redefining \[ on input line 2953.
LaTeX Info: Redefining \] on input line 2954.
) (/usr/local/share/miktex-texmf/tex/generic/tex4ht/mathtools-hooks.4ht
version 2023-07-25-12:42
) (/usr/local/share/miktex-texmf/tex/latex/mathtools/mathtools.sty
Package: mathtools 2022/06/29 v1.29 mathematical typesetting tools
(/usr/local/share/miktex-texmf/tex/latex/graphics/keyval.sty
Package: keyval 2022/05/29 v1.15 key=value parser (DPC)
\KV@toks@=\toks23
) (/usr/local/share/miktex-texmf/tex/latex/tools/calc.sty
Package: calc 2023/07/08 v4.3 Infix arithmetic (KKT,FJ)
\calc@Acount=\count272
\calc@Bcount=\count273
\calc@Adimen=\dimen150
\calc@Bdimen=\dimen151
\calc@Askip=\skip53
\calc@Bskip=\skip54
LaTeX Info: Redefining \setlength on input line 80.
LaTeX Info: Redefining \addtolength on input line 81.
\calc@Ccount=\count274
\calc@Cskip=\skip55
) (/usr/local/share/miktex-texmf/tex/latex/mathtools/mhsetup.sty
Package: mhsetup 2021/03/18 v1.4 programming setup (MH)
)
\g_MT_multlinerow_int=\count275
\l_MT_multwidth_dim=\dimen152
\origjot=\skip56
\l_MT_shortvdotswithinadjustabove_dim=\dimen153
\l_MT_shortvdotswithinadjustbelow_dim=\dimen154
\l_MT_above_intertext_sep=\dimen155
\l_MT_below_intertext_sep=\dimen156
\l_MT_above_shortintertext_sep=\dimen157
\l_MT_below_shortintertext_sep=\dimen158
\xmathstrut@box=\box53
\xmathstrut@dim=\dimen159
) (/usr/local/share/miktex-texmf/tex/generic/iftex/ifpdf.sty
Package: ifpdf 2019/10/25 v3.4 ifpdf legacy package. Use iftex instead.
(/usr/local/share/miktex-texmf/tex/generic/iftex/iftex.sty
Package: iftex 2022/02/03 v1.0f TeX engine tests
)) (/usr/local/share/miktex-texmf/tex/generic/tex4ht/tex4ht.4ht
version 2022-07-05-14:37
--------------------------------------
--- Note --- for additional information, use the command line option `info'
--------------------------------------
::::::::::::::::::::::::::::::::::::::::::
 TeX4ht info is available in the log file 
::::::::::::::::::::::::::::::::::::::::::
) (/usr/local/share/miktex-texmf/tex/generic/tex4ht/tex4ht.sty
version 2023-10-04-13:17
l.870 --- TeX4ht warning --- nonprimitive \everypar ---
--- needs --- tex4ht phantom ---
\tmp:cnt=\count276
\openout15 = `phantom.tmp'.

(phantom.tmp)
\tmp:dim=\skip57
(phantom.xref)
\:refout=\write3
\openout3 = `phantom.xref'.

(/usr/local/share/miktex-texmf/tex/generic/tex4ht/html4.4ht
version 2023-10-13-14:16
--------------------------------------
--- Note --- to remove the <?xml version=...?> processing instruction use the c
ommand line option `no-VERSION'
--------------------------------------
--------------------------------------
--- Note --- to remove the DOCTYPE declaration use the command line option `no-
DOCTYPE'
--------------------------------------
) (/usr/local/share/miktex-texmf/tex/generic/tex4ht/unicode.4ht
version 2023-04-02-08:01
) (/usr/local/share/miktex-texmf/tex/generic/tex4ht/mathml.4ht
version 2023-10-05-13:12
) (/usr/local/share/miktex-texmf/tex/generic/tex4ht/html-mml.4ht
version 2022-10-31-13:02
) (/usr/local/share/miktex-texmf/tex/generic/tex4ht/html5.4ht
version 2023-10-09-13:31
)
--------------------------------------
--- Note --- for marking of the base font, use the command line option `fonts+'

--------------------------------------
--------------------------------------
--- Note --- for non active _, use the command line option `no_'
--------------------------------------
--------------------------------------
--- Note --- for _ of catcode 13, use the command line option `_13'
--------------------------------------
--------------------------------------
--- Note --- for non active ^, use the command line option `no^'
--------------------------------------
--------------------------------------
--- Note --- for ^ of catcode 13, use the command line option `^13'
--------------------------------------
(/usr/local/share/miktex-texmf/tex/generic/tex4ht/html4.4ht
version 2023-10-13-14:16
--------------------------------------
--- Note --- to ignore CSS font decoration, use the `NoFonts' command line opti
on
--------------------------------------
--------------------------------------
--- Note --- for jpg bitmaps of pictures, use the `jpg' command line option. (C
haracter bitmaps are controled only by `g' records of tex4ht.env and `-g' switc
hes of tex4ht.c) 
--------------------------------------
--------------------------------------
--- Note --- for gif bitmaps of pictures, use the `gif' command line option. (C
haracter bitmaps are controled only by `g' records of tex4ht.env and `-g' switc
hes of tex4ht.c) 
--------------------------------------
--------------------------------------
--- Note --- for content and toc in 2 frames, use the command line option `fram
es'
--------------------------------------
--------------------------------------
--- Note --- for content, toc, and footnotes in 3 frames, use the command line 
option `frames-fn'
--------------------------------------
--------------------------------------
--- Note --- for file extension name xht, use the command line option `xht'
--------------------------------------
TeX4ht package options: xhtml,mathjax,mathml,charset=utf-8,html5,html
--------------------------------------
--- Note --- To print a timestamp, use the command line option timestamp
--------------------------------------
--------------------------------------
--- Note --- to ignore CSS code, use the command line option `-css
--------------------------------------
--------------------------------------
--- Note --- for inline CSS code, use the command line option `css-in'
--------------------------------------
--------------------------------------
--- Note --- for pop ups on mouse over, use the command line option `mouseover'

--------------------------------------
--------------------------------------
--- Note --- for addressing images in a subdirectory, use the command line opti
on `imgdir:.../'
--------------------------------------
) (/usr/local/share/miktex-texmf/tex/generic/tex4ht/unicode.4ht
version 2023-04-02-08:01
) (/usr/local/share/miktex-texmf/tex/generic/tex4ht/mathml.4ht
version 2023-10-05-13:12
) (/usr/local/share/miktex-texmf/tex/generic/tex4ht/html-mml.4ht
version 2022-10-31-13:02
) (/usr/local/share/miktex-texmf/tex/generic/tex4ht/html5.4ht
version 2023-10-09-13:31
--------------------------------------
--- Note --- To print a timestamp, use the command line option timestamp
--------------------------------------
--------------------------------------
--- Note --- We use a default CSS style. Use the `nostyle' option if you want t
o use custom a CSS design
--------------------------------------
)
\:tokwrite=\toks24
\:tokpage=\toks25
--------------------------------------
--- Note --- for back links to toc, use the command line option `sections+'
--------------------------------------
--------------------------------------
--- Note --- for linear crosslinks of pages, use the command line option `next'

--------------------------------------
\openout15 = `phantom.4ct'.

\:tocout=\write4
\openout4 = `phantom.4tc'.

(phantom.4tc) (/usr/local/share/miktex-texmf/tex/generic/tex4ht/html4.4ht
version 2023-10-13-14:16
) (/usr/local/share/miktex-texmf/tex/generic/tex4ht/unicode.4ht
version 2023-04-02-08:01
) (/usr/local/share/miktex-texmf/tex/generic/tex4ht/mathml.4ht
version 2023-10-05-13:12
) (/usr/local/share/miktex-texmf/tex/generic/tex4ht/html-mml.4ht
version 2022-10-31-13:02
) (/usr/local/share/miktex-texmf/tex/generic/tex4ht/html5.4ht
version 2023-10-09-13:31
) (/usr/local/share/miktex-texmf/tex/generic/tex4ht/latex.4ht
version 2023-10-02-13:11
LaTeX Info: Redefining \_ on input line 179.
LaTeX Info: Redefining \begin on input line 597.
LaTeX Info: Redefining \end on input line 645.
LaTeX Info: Redefining \, on input line 807.
LaTeX Info: Redefining \; on input line 808.
LaTeX Info: Redefining \! on input line 809.
LaTeX Info: Redefining \: on input line 810.
LaTeX Info: Redefining \> on input line 811.
--------------------------------------
--- Note --- for links into captions, instead of float heads, use the command l
ine option `refcaption'
--------------------------------------
(/usr/local/share/miktex-texmf/tex/generic/tex4ht/html4.4ht
version 2023-10-13-14:16
) (/usr/local/share/miktex-texmf/tex/generic/tex4ht/unicode.4ht
version 2023-04-02-08:01
) (/usr/local/share/miktex-texmf/tex/generic/tex4ht/mathml.4ht
version 2023-10-05-13:12
) (/usr/local/share/miktex-texmf/tex/generic/tex4ht/html-mml.4ht
version 2022-10-31-13:02
) (/usr/local/share/miktex-texmf/tex/generic/tex4ht/html5.4ht
version 2023-10-09-13:31
) (/usr/local/share/miktex-texmf/tex/generic/tex4ht/html4.4ht
version 2023-10-13-14:16
--------------------------------------
--- Note --- For mini tocs immediately aftter the header use the command line o
ption `minitoc<'
--------------------------------------
--------------------------------------
--- Note --- for enumerated list elements with valued data, use the command lin
e option `enumerate+'
--------------------------------------
--------------------------------------
--- Note --- for enumerated list elements li's with value attributes, use the c
ommand line option `enumerate-'
--------------------------------------
--------------------------------------
--- Note --- for CSS2 code, use the command line option `css2'
--------------------------------------
--------------------------------------
--- Note --- for pictorial tabular, use the command line option `pic-tabular'
--------------------------------------
--------------------------------------
--- Note --- for bitmap fbox'es, use the command line option `pic-fbox'
--------------------------------------
--------------------------------------
--- Note --- for bitmap framebox'es, use the command line option `pic-framebox'

--------------------------------------
--------------------------------------
--- Note --- for inline footnotes use command line option `fn-in'
--------------------------------------
--------------------------------------
--- Note --- for tracing of latex font commands, use the command line option `f
onts'
--------------------------------------
--------------------------------------
--- Note --- for width specifications of tabular p entries, use the `p-width' c
ommand line option or a configuration similar to \Configure{HColWidth}{\HCode{ 
style="width:\HColWidth"}}
--------------------------------------
) (/usr/local/share/miktex-texmf/tex/generic/tex4ht/unicode.4ht
version 2023-04-02-08:01
) (/usr/local/share/miktex-texmf/tex/generic/tex4ht/mathml.4ht
version 2023-10-05-13:12
) (/usr/local/share/miktex-texmf/tex/generic/tex4ht/html-mml.4ht
version 2022-10-31-13:02
) (/usr/local/share/miktex-texmf/tex/generic/tex4ht/html5.4ht
version 2023-10-09-13:31
)) (/usr/local/share/miktex-texmf/tex/generic/tex4ht/fontmath.4ht
version 2022-10-25-13:59
(/usr/local/share/miktex-texmf/tex/generic/tex4ht/html4.4ht
version 2023-10-13-14:16
) (/usr/local/share/miktex-texmf/tex/generic/tex4ht/unicode.4ht
version 2023-04-02-08:01
) (/usr/local/share/miktex-texmf/tex/generic/tex4ht/mathml.4ht
version 2023-10-05-13:12
\tmp:bx=\box54
[1

] [2] [3] [4] [5] [6] [7] [8] [9] [10] [11] [12] [13] [14] [15] [16] [17] [18] 
[19] [20] [21] [22] [23] [24] [25] [26] [27] [28] [29] [30] [31] [32] [33] [34]
[35] [36] [37] [38] [39] [40] [41] [42] [43] [44] [45] [46] [47] [48] [49] [50]
[51] [52] [53]) (/usr/local/share/miktex-texmf/tex/generic/tex4ht/html-mml.4ht
version 2022-10-31-13:02
) (/usr/local/share/miktex-texmf/tex/generic/tex4ht/html5.4ht
version 2023-10-09-13:31
)) (/usr/local/share/miktex-texmf/tex/generic/tex4ht/article.4ht
version 2023-04-10-13:46
(/usr/local/share/miktex-texmf/tex/generic/tex4ht/html4.4ht
version 2023-10-13-14:16
--------------------------------------
--- Note --- for automatic sectioning pagination, use the command line option `
1', `2', `3', '4', '5', '6', or '7'
--------------------------------------
--------------------------------------
--- Note --- for files named derived from section titles, use the command line 
option `sec-filename'
--------------------------------------
--------------------------------------
--- Note --- for i-columns index, use the command line option `index=i' (e.g., 
index=2)
--------------------------------------
) (/usr/local/share/miktex-texmf/tex/generic/tex4ht/unicode.4ht
version 2023-04-02-08:01
) (/usr/local/share/miktex-texmf/tex/generic/tex4ht/mathml.4ht
version 2023-10-05-13:12
) (/usr/local/share/miktex-texmf/tex/generic/tex4ht/html-mml.4ht
version 2022-10-31-13:02
) (/usr/local/share/miktex-texmf/tex/generic/tex4ht/html5.4ht
version 2023-10-09-13:31
)) (/usr/local/share/miktex-texmf/tex/generic/tex4ht/amsmath.4ht
version 2023-08-13-13:20
\tmp:muskip=\muskip17
(/usr/local/share/miktex-texmf/tex/generic/tex4ht/html4.4ht
version 2023-10-13-14:16
) (/usr/local/share/miktex-texmf/tex/generic/tex4ht/unicode.4ht
version 2023-04-02-08:01
) (/usr/local/share/miktex-texmf/tex/generic/tex4ht/mathml.4ht
version 2023-10-05-13:12
) (/usr/local/share/miktex-texmf/tex/generic/tex4ht/html-mml.4ht
version 2022-10-31-13:02
) (/usr/local/share/miktex-texmf/tex/generic/tex4ht/html5.4ht
version 2023-10-09-13:31
)) (/usr/local/share/miktex-texmf/tex/generic/tex4ht/amstext.4ht
version 2009-05-21-09:32
(/usr/local/share/miktex-texmf/tex/generic/tex4ht/html4.4ht
version 2023-10-13-14:16
) (/usr/local/share/miktex-texmf/tex/generic/tex4ht/unicode.4ht
version 2023-04-02-08:01
) (/usr/local/share/miktex-texmf/tex/generic/tex4ht/mathml.4ht
version 2023-10-05-13:12
) (/usr/local/share/miktex-texmf/tex/generic/tex4ht/html-mml.4ht
version 2022-10-31-13:02
) (/usr/local/share/miktex-texmf/tex/generic/tex4ht/html5.4ht
version 2023-10-09-13:31
)) (/usr/local/share/miktex-texmf/tex/generic/tex4ht/amsbsy.4ht
version 2009-05-21-09:32
(/usr/local/share/miktex-texmf/tex/generic/tex4ht/html4.4ht
version 2023-10-13-14:16
) (/usr/local/share/miktex-texmf/tex/generic/tex4ht/unicode.4ht
version 2023-04-02-08:01
) (/usr/local/share/miktex-texmf/tex/generic/tex4ht/mathml.4ht
version 2023-10-05-13:12
) (/usr/local/share/miktex-texmf/tex/generic/tex4ht/html-mml.4ht
version 2022-10-31-13:02
) (/usr/local/share/miktex-texmf/tex/generic/tex4ht/html5.4ht
version 2023-10-09-13:31
)) (/usr/local/share/miktex-texmf/tex/generic/tex4ht/amsopn.4ht
version 2009-05-21-09:32
(/usr/local/share/miktex-texmf/tex/generic/tex4ht/html4.4ht
version 2023-10-13-14:16
) (/usr/local/share/miktex-texmf/tex/generic/tex4ht/unicode.4ht
version 2023-04-02-08:01
) (/usr/local/share/miktex-texmf/tex/generic/tex4ht/mathml.4ht
version 2023-10-05-13:12
) (/usr/local/share/miktex-texmf/tex/generic/tex4ht/html-mml.4ht
version 2022-10-31-13:02
) (/usr/local/share/miktex-texmf/tex/generic/tex4ht/html5.4ht
version 2023-10-09-13:31
)) (/usr/local/share/miktex-texmf/tex/generic/tex4ht/mathtools.4ht
version 2021-06-20-09:36
(/usr/local/share/miktex-texmf/tex/generic/tex4ht/html4.4ht
version 2023-10-13-14:16
) (/usr/local/share/miktex-texmf/tex/generic/tex4ht/unicode.4ht
version 2023-04-02-08:01
) (/usr/local/share/miktex-texmf/tex/generic/tex4ht/mathml.4ht
version 2023-10-05-13:12
) (/usr/local/share/miktex-texmf/tex/generic/tex4ht/html-mml.4ht
version 2022-10-31-13:02
) (/usr/local/share/miktex-texmf/tex/generic/tex4ht/html5.4ht
version 2023-10-09-13:31
)) (/usr/local/share/miktex-texmf/tex/generic/tex4ht/html4.4ht
version 2023-10-13-14:16
) (/usr/local/share/miktex-texmf/tex/generic/tex4ht/unicode.4ht
version 2023-04-02-08:01
) (/usr/local/share/miktex-texmf/tex/generic/tex4ht/mathml.4ht
version 2023-10-05-13:12
) (/usr/local/share/miktex-texmf/tex/generic/tex4ht/html-mml.4ht
version 2022-10-31-13:02
) (/usr/local/share/miktex-texmf/tex/generic/tex4ht/html5.4ht
version 2023-10-09-13:31
)) (/usr/local/share/miktex-texmf/tex/latex/l3backend/l3backend-dvips.def
File: l3backend-dvips.def 2023-10-23 L3 backend support: dvips
\l__pdf_internal_box=\box55
\g__pdf_backend_object_int=\count277
\l__pdf_backend_content_box=\box56
\l__pdf_backend_model_box=\box57
\g__pdf_backend_annotation_int=\count278
\g__pdf_backend_link_int=\count279
\g__pdf_backend_link_sf_int=\count280
) (phantom.aux)
\openout1 = `phantom.aux'.

LaTeX Font Info:    Checking defaults for OML/cmm/m/it on input line 6.
LaTeX Font Info:    ... okay on input line 6.
LaTeX Font Info:    Checking defaults for OMS/cmsy/m/n on input line 6.
LaTeX Font Info:    ... okay on input line 6.
LaTeX Font Info:    Checking defaults for OT1/cmr/m/n on input line 6.
LaTeX Font Info:    ... okay on input line 6.
LaTeX Font Info:    Checking defaults for T1/cmr/m/n on input line 6.
LaTeX Font Info:    ... okay on input line 6.
LaTeX Font Info:    Checking defaults for TS1/cmr/m/n on input line 6.
LaTeX Font Info:    ... okay on input line 6.
LaTeX Font Info:    Checking defaults for OMX/cmex/m/n on input line 6.
LaTeX Font Info:    ... okay on input line 6.
LaTeX Font Info:    Checking defaults for U/cmr/m/n on input line 6.
LaTeX Font Info:    ... okay on input line 6.
(/usr/local/share/miktex-texmf/tex/latex/graphics/graphicx.sty
Package: graphicx 2021/09/16 v1.2d Enhanced LaTeX Graphics (DPC,SPQR)
(/usr/local/share/miktex-texmf/tex/generic/tex4ht/graphics-hooks.4ht
version 2022-08-17-14:25
) (/usr/local/share/miktex-texmf/tex/latex/graphics/graphics.sty
Package: graphics 2022/03/10 v1.4e Standard LaTeX Graphics (DPC,SPQR)
(/usr/local/share/miktex-texmf/tex/latex/graphics/trig.sty
Package: trig 2021/08/11 v1.11 sin cos tan (DPC)
) (/usr/local/share/miktex-texmf/tex/latex/graphics-cfg/graphics.cfg
File: graphics.cfg 2016/06/04 v1.11 sample graphics configuration
)
Package graphics Info: Driver file: dvips.def on input line 107.
(/usr/local/share/miktex-texmf/tex/latex/graphics-def/dvips.def
File: dvips.def 2022/09/22 v3.1e Graphics/color driver for dvips

LaTeX Warning: First page is already shipped out, ignoring
               \AtBeginDvi on input line 180.

))
\Gin@req@height=\dimen160
\Gin@req@width=\dimen161
)
--- file phantom.css ---
[1] (phantom.aux)
 ***********
LaTeX2e <2023-11-01>
L3 programming layer <2023-11-01>
 ***********
 ) 
Here is how much of TeX's memory you used:
 7111 strings out of 474594
 96271 string characters out of 5752898
 1948527 words of memory out of 5000000
 29133 multiletter control sequences out of 15000+600000
 561280 words of font info for 47 fonts, out of 8000000 for 9000
 1141 hyphenation exceptions out of 8191
 65i,19n,77p,836b,532s stack positions out of 10000i,1000n,20000p,200000b,200000s

Output written on phantom.dvi (54 pages, 40408 bytes).
